<?xml version="1.0" encoding="UTF-8"?>
<!-- Generated by org.testng.reporters.JUnitReportReporter -->
<testsuite skipped="0" hostname="KT-PCLAP-004" name="com.HrOnBoarding.QA.TestCases.AdminLoginTest" tests="1" failures="0" timestamp="13 Jun 2018 13:46:16 GMT" time="18.985" errors="0">
  <testcase name="verifyAdminLogin" time="18.985" classname="com.HrOnBoarding.QA.TestCases.AdminLoginTest"/>
</testsuite> <!-- com.HrOnBoarding.QA.TestCases.AdminLoginTest -->
