<?xml version="1.0" encoding="UTF-8"?>
<!-- Generated by org.testng.reporters.JUnitReportReporter -->
<testsuite skipped="0" hostname="KT-PCLAP-004" name="com.TakeAClass.TestCases.ValidLink" tests="1" failures="0" timestamp="28 Jun 2018 11:27:38 GMT" time="120.166" errors="0">
  <testcase name="test" time="120.166" classname="com.TakeAClass.TestCases.ValidLink"/>
</testsuite> <!-- com.TakeAClass.TestCases.ValidLink -->
