<?xml version="1.0" encoding="UTF-8"?>
<!-- Generated by org.testng.reporters.JUnitReportReporter -->
<testsuite skipped="0" hostname="KT-PCLAP-004" name="com.TakeAClass.TestCases.SearchClassFilters" tests="2" failures="0" timestamp="07 Jun 2018 07:08:59 GMT" time="42.914" errors="0">
  <testcase name="verificationOfSearchClassFilter_All" time="23.296" classname="com.TakeAClass.TestCases.SearchClassFilters"/>
  <testcase name="verificationOfSearchClassFilter_artAndCraft" time="19.618" classname="com.TakeAClass.TestCases.SearchClassFilters"/>
</testsuite> <!-- com.TakeAClass.TestCases.SearchClassFilters -->
