<?xml version="1.0" encoding="UTF-8"?>
<!-- Generated by org.testng.reporters.JUnitReportReporter -->
<testsuite skipped="0" hostname="KT-PCLAP-004" name="com.TakeAClass.TestCases.SearchClassFilters" tests="2" failures="0" timestamp="06 Jun 2018 07:35:07 GMT" time="38.749" errors="0">
  <testcase name="verificationOfSearchClassFilter_artAndCraft" time="20.851" classname="com.TakeAClass.TestCases.SearchClassFilters"/>
  <testcase name="verificationOfSearchClassFilter_All" time="17.898" classname="com.TakeAClass.TestCases.SearchClassFilters"/>
</testsuite> <!-- com.TakeAClass.TestCases.SearchClassFilters -->
