<?xml version="1.0" encoding="UTF-8"?>
<!-- Generated by org.testng.reporters.JUnitReportReporter -->
<testsuite skipped="0" hostname="KT-PCLAP-004" name="com.HrOnBoarding.QA.TestCases.ForgotPasswordScreenTest" tests="2" failures="0" timestamp="14 Jun 2018 14:38:08 GMT" time="29.082" errors="0">
  <testcase name="verifyForgotPasswordEmailSent" time="15.474" classname="com.HrOnBoarding.QA.TestCases.ForgotPasswordScreenTest"/>
  <testcase name="verifyForgotPasswordScreenDefaultText" time="13.608" classname="com.HrOnBoarding.QA.TestCases.ForgotPasswordScreenTest"/>
</testsuite> <!-- com.HrOnBoarding.QA.TestCases.ForgotPasswordScreenTest -->
