<?xml version="1.0" encoding="UTF-8"?>
<!-- Generated by org.testng.reporters.JUnitReportReporter -->
<testsuite skipped="0" hostname="KT-PCLAP-004" name="com.HrOnBoarding.QA.TestCases.LoginScreenTest" tests="3" failures="0" timestamp="14 Jun 2018 14:38:08 GMT" time="45.891" errors="0">
  <testcase name="verifyForgotPasswordLinkIsAvailable" time="14.627" classname="com.HrOnBoarding.QA.TestCases.LoginScreenTest"/>
  <testcase name="verifyAdminLogin" time="16.606" classname="com.HrOnBoarding.QA.TestCases.LoginScreenTest"/>
  <testcase name="verifyRememberMeLinkIsAvailable" time="14.658" classname="com.HrOnBoarding.QA.TestCases.LoginScreenTest"/>
</testsuite> <!-- com.HrOnBoarding.QA.TestCases.LoginScreenTest -->
