<?xml version="1.0" encoding="UTF-8"?>
<!-- Generated by org.testng.reporters.JUnitReportReporter -->
<testsuite skipped="0" hostname="KT-PCLAP-004" name="com.HrOnBoarding.QA.TestCases.LoginScreenTest" tests="4" failures="0" timestamp="28 Jun 2018 08:45:52 GMT" time="71.234" errors="0">
  <testcase name="DoAdminLogin" time="18.798" classname="com.HrOnBoarding.QA.TestCases.LoginScreenTest"/>
  <testcase name="verifyRememberMeLinkIsAvailable" time="14.969" classname="com.HrOnBoarding.QA.TestCases.LoginScreenTest"/>
  <testcase name="DoClientLogin" time="19.245" classname="com.HrOnBoarding.QA.TestCases.LoginScreenTest"/>
  <testcase name="verifyForgotPasswordLinkIsAvailable" time="18.222" classname="com.HrOnBoarding.QA.TestCases.LoginScreenTest"/>
</testsuite> <!-- com.HrOnBoarding.QA.TestCases.LoginScreenTest -->
