<?xml version="1.0" encoding="UTF-8"?>
<!-- Generated by org.testng.reporters.JUnitReportReporter -->
<testsuite skipped="0" hostname="KT-PCLAP-004" name="com.TakeAClass.TestCases.EditProfilePageTest" tests="1" failures="0" timestamp="06 Jun 2018 08:41:51 GMT" time="61.476" errors="0">
  <testcase name="verifyFirstNameUpdate" time="61.476" classname="com.TakeAClass.TestCases.EditProfilePageTest"/>
</testsuite> <!-- com.TakeAClass.TestCases.EditProfilePageTest -->
