<?xml version="1.0" encoding="UTF-8"?>
<!-- Generated by org.testng.reporters.JUnitReportReporter -->
<testsuite skipped="2" hostname="KT-PCLAP-004" name="com.HrOnBoarding.QA.TestCases.ForgotPasswordScreenTest" tests="3" failures="0" timestamp="18 Jun 2018 07:01:03 GMT" time="21.004" errors="0">
  <testcase name="verifyUserRerutnToLoginScreen" time="21.004" classname="com.HrOnBoarding.QA.TestCases.ForgotPasswordScreenTest"/>
  <testcase name="verifyForgotPasswordEmailSent" classname="com.HrOnBoarding.QA.TestCases.ForgotPasswordScreenTest">
    <skipped/>
  </testcase> <!-- verifyForgotPasswordEmailSent -->
  <testcase name="verifyForgotPasswordScreenDefaultText" classname="com.HrOnBoarding.QA.TestCases.ForgotPasswordScreenTest">
    <skipped/>
  </testcase> <!-- verifyForgotPasswordScreenDefaultText -->
</testsuite> <!-- com.HrOnBoarding.QA.TestCases.ForgotPasswordScreenTest -->
