<?xml version="1.0" encoding="UTF-8"?>
<!-- Generated by org.testng.reporters.JUnitReportReporter -->
<testsuite skipped="0" hostname="KT-PCLAP-004" name="com.HrOnBoarding.QA.TestCases.LoginScreenTest" tests="4" failures="0" timestamp="26 Jun 2018 12:30:02 GMT" time="62.202" errors="0">
  <testcase name="verifyRememberMeLinkIsAvailable" time="15.315" classname="com.HrOnBoarding.QA.TestCases.LoginScreenTest"/>
  <testcase name="DoClientLogin" time="15.014" classname="com.HrOnBoarding.QA.TestCases.LoginScreenTest"/>
  <testcase name="verifyForgotPasswordLinkIsAvailable" time="14.974" classname="com.HrOnBoarding.QA.TestCases.LoginScreenTest"/>
  <testcase name="DoAdminLogin" time="16.899" classname="com.HrOnBoarding.QA.TestCases.LoginScreenTest"/>
</testsuite> <!-- com.HrOnBoarding.QA.TestCases.LoginScreenTest -->
