<?xml version="1.0" encoding="UTF-8"?>
<!-- Generated by org.testng.reporters.JUnitReportReporter -->
<testsuite skipped="1" hostname="KT-PCLAP-004" name="com.TakeAClass.TestCases.LoginPageTest" tests="2" failures="0" timestamp="12 Jun 2018 11:55:01 GMT" time="25.155" errors="0">
  <testcase name="userLoginTest" time="25.155" classname="com.TakeAClass.TestCases.LoginPageTest"/>
  <testcase name="loginPageTiteTest" classname="com.TakeAClass.TestCases.LoginPageTest">
    <skipped/>
  </testcase> <!-- loginPageTiteTest -->
</testsuite> <!-- com.TakeAClass.TestCases.LoginPageTest -->
