<?xml version="1.0" encoding="UTF-8"?>
<!-- Generated by org.testng.reporters.JUnitReportReporter -->
<testsuite skipped="0" hostname="KT-PCLAP-004" name="com.HrOnBoarding.QA.TestCases.AddRoleByClientTest" tests="2" failures="0" timestamp="28 Jun 2018 11:04:30 GMT" time="67.503" errors="0">
  <testcase name="addHRByClient" time="35.838" classname="com.HrOnBoarding.QA.TestCases.AddRoleByClientTest"/>
  <testcase name="addPayRollByClient" time="31.665" classname="com.HrOnBoarding.QA.TestCases.AddRoleByClientTest"/>
</testsuite> <!-- com.HrOnBoarding.QA.TestCases.AddRoleByClientTest -->
