<?xml version="1.0" encoding="UTF-8"?>
<!-- Generated by org.testng.reporters.JUnitReportReporter -->
<testsuite skipped="0" hostname="KT-PCLAP-004" name="com.HrOnBoarding.QA.TestCases.LoginScreenTest" tests="3" failures="0" timestamp="18 Jun 2018 07:01:03 GMT" time="58.425" errors="0">
  <testcase name="verifyForgotPasswordLinkIsAvailable" time="17.520" classname="com.HrOnBoarding.QA.TestCases.LoginScreenTest"/>
  <testcase name="verifyAdminLogin" time="22.937" classname="com.HrOnBoarding.QA.TestCases.LoginScreenTest"/>
  <testcase name="verifyRememberMeLinkIsAvailable" time="17.968" classname="com.HrOnBoarding.QA.TestCases.LoginScreenTest"/>
</testsuite> <!-- com.HrOnBoarding.QA.TestCases.LoginScreenTest -->
