<?xml version="1.0" encoding="UTF-8"?>
<!-- Generated by org.testng.reporters.JUnitReportReporter -->
<testsuite skipped="1" hostname="KT-PCLAP-004" name="com.TakeAClass.TestCases.LoginPageTest" tests="2" failures="0" timestamp="06 Jun 2018 07:35:07 GMT" time="16.956" errors="0">
  <testcase name="userLoginTest" time="16.956" classname="com.TakeAClass.TestCases.LoginPageTest"/>
  <testcase name="loginPageTiteTest" classname="com.TakeAClass.TestCases.LoginPageTest">
    <skipped/>
  </testcase> <!-- loginPageTiteTest -->
</testsuite> <!-- com.TakeAClass.TestCases.LoginPageTest -->
