<?xml version="1.0" encoding="UTF-8"?>
<!-- Generated by org.testng.reporters.JUnitReportReporter -->
<testsuite skipped="0" hostname="KT-PCLAP-004" name="com.HrOnBoarding.QA.TestCases.Dummy" tests="1" failures="0" timestamp="27 Jun 2018 12:15:06 GMT" time="0.014" errors="0">
  <testcase name="csvReading" time="0.014" classname="com.HrOnBoarding.QA.TestCases.Dummy"/>
</testsuite> <!-- com.HrOnBoarding.QA.TestCases.Dummy -->
