<?xml version="1.0" encoding="UTF-8"?>
<!-- Generated by org.testng.reporters.JUnitReportReporter -->
<testsuite skipped="0" hostname="KT-PCLAP-004" name="com.TakeAClass.TestCases.SettingPageTest" tests="2" failures="0" timestamp="07 Jun 2018 08:08:41 GMT" time="50.325" errors="0">
  <testcase name="userLogoutTest" time="30.524" classname="com.TakeAClass.TestCases.SettingPageTest"/>
  <testcase name="changeUserPasswordTest" time="19.801" classname="com.TakeAClass.TestCases.SettingPageTest"/>
</testsuite> <!-- com.TakeAClass.TestCases.SettingPageTest -->
