<?xml version="1.0" encoding="UTF-8"?>
<!-- Generated by org.testng.reporters.JUnitReportReporter -->
<testsuite skipped="0" hostname="KT-PCLAP-004" name="com.TakeAClass.TestCases.EditProfilePageTest" tests="1" failures="0" timestamp="07 Jun 2018 07:08:59 GMT" time="45.224" errors="0">
  <testcase name="verifyFirstNameUpdate" time="45.224" classname="com.TakeAClass.TestCases.EditProfilePageTest"/>
</testsuite> <!-- com.TakeAClass.TestCases.EditProfilePageTest -->
