<?xml version="1.0" encoding="UTF-8"?>
<!-- Generated by org.testng.reporters.JUnitReportReporter -->
<testsuite skipped="0" hostname="KT-PCLAP-004" name="com.TakeAClass.TestCases.ValidLink2" tests="1" failures="0" timestamp="28 Jun 2018 11:39:58 GMT" time="75.508" errors="0">
  <testcase name="brokenLink" time="75.508" classname="com.TakeAClass.TestCases.ValidLink2"/>
</testsuite> <!-- com.TakeAClass.TestCases.ValidLink2 -->
